{
  "stats": {
    "suites": 3,
    "tests": 12,
    "passes": 12,
    "pending": 0,
    "failures": 0,
    "start": "2024-05-13T16:34:48.833Z",
    "end": "2024-05-13T16:34:53.972Z",
    "duration": 5139,
    "testsRegistered": 12,
    "passPercent": 100,
    "pendingPercent": 0,
    "other": 0,
    "hasOther": false,
    "skipped": 0,
    "hasSkipped": false
  },
  "results": [
    {
      "uuid": "ee56aac2-21cc-4f4e-b49b-e3948f1c280e",
      "title": "",
      "fullFile": "",
      "file": "",
      "beforeHooks": [
        {
          "title": "\"before each\" hook in \"{root}\"",
          "fullTitle": "\"before each\" hook in \"{root}\"",
          "timedOut": false,
          "duration": 0,
          "state": null,
          "speed": null,
          "pass": false,
          "fail": false,
          "pending": false,
          "context": null,
          "code": "this.currentTest.response_timer = new Timer()",
          "err": {},
          "uuid": "e33f5849-86bd-4f27-a66b-d36c9d88d832",
          "parentUUID": "ee56aac2-21cc-4f4e-b49b-e3948f1c280e",
          "isHook": true,
          "skipped": false
        }
      ],
      "afterHooks": [],
      "tests": [],
      "suites": [
        {
          "uuid": "6b97e571-b915-4fc1-8830-a525d8ef4aa1",
          "title": "connection",
          "fullFile": "/home/corey/fetch-swarm/test/test.js",
          "file": "/test/test.js",
          "beforeHooks": [],
          "afterHooks": [],
          "tests": [
            {
              "title": "should create a connection with default values",
              "fullTitle": "connection should create a connection with default values",
              "timedOut": false,
              "duration": 1,
              "state": "passed",
              "speed": "fast",
              "pass": true,
              "fail": false,
              "pending": false,
              "context": null,
              "code": "const conn = await Connection.create()\nexpect(conn.concurrency).to.equal(2)\nexpect(conn.minMsBetweenRequests).to.equal(150)\nexpect(conn.timeoutMs).to.equal(0)\nexpect(conn.retry).to.equal(0)",
              "err": {},
              "uuid": "b83cc01e-fd04-46eb-9b8f-e2909386d9bd",
              "parentUUID": "6b97e571-b915-4fc1-8830-a525d8ef4aa1",
              "isHook": false,
              "skipped": false
            },
            {
              "title": "should create a connection with given parameters",
              "fullTitle": "connection should create a connection with given parameters",
              "timedOut": false,
              "duration": 0,
              "state": "passed",
              "speed": "fast",
              "pass": true,
              "fail": false,
              "pending": false,
              "context": null,
              "code": "const conn = await Connection.create({\n  concurrency: 3,\n  minMsBetweenRequests: 100,\n  timeoutMs: 5000,\n  retry: 2\n})\nexpect(conn.concurrency).to.equal(3)\nexpect(conn.minMsBetweenRequests).to.equal(100)\nexpect(conn.timeoutMs).to.equal(5000)\nexpect(conn.retry).to.equal(2)",
              "err": {},
              "uuid": "ab515767-7433-4531-a6f8-5c29dae5b69f",
              "parentUUID": "6b97e571-b915-4fc1-8830-a525d8ef4aa1",
              "isHook": false,
              "skipped": false
            },
            {
              "title": "should not be possible to instantiate via new",
              "fullTitle": "connection should not be possible to instantiate via new",
              "timedOut": false,
              "duration": 1,
              "state": "passed",
              "speed": "fast",
              "pass": true,
              "fail": false,
              "pending": false,
              "context": null,
              "code": "try {\n  const conn = new Connection()\n  expect.fail(conn)\n} catch (err) {\n  expect(err).to.be.a('error').with.property('message', 'The constructor is not intended to be used; use Connection.create instead')\n}",
              "err": {},
              "uuid": "28c80e98-4e1c-429c-a23b-45b4259b759b",
              "parentUUID": "6b97e571-b915-4fc1-8830-a525d8ef4aa1",
              "isHook": false,
              "skipped": false
            },
            {
              "title": "should not be possible change parameters after creation",
              "fullTitle": "connection should not be possible change parameters after creation",
              "timedOut": false,
              "duration": 0,
              "state": "passed",
              "speed": "fast",
              "pass": true,
              "fail": false,
              "pending": false,
              "context": null,
              "code": "const conn = await Connection.create()\ntry {\n  conn.concurrency = 2\n  expect.fail()\n} catch (err) {}\ntry {\n  conn.minMsBetweenRequests = 2\n  expect.fail()\n} catch (err) {}\ntry {\n  conn.timeoutMs = 2\n  expect.fail()\n} catch (err) {}\ntry {\n  conn.retry = 2\n  expect.fail()\n} catch (err) {}",
              "err": {},
              "uuid": "ea9e1e7b-c345-4001-a2eb-1280daa57fe2",
              "parentUUID": "6b97e571-b915-4fc1-8830-a525d8ef4aa1",
              "isHook": false,
              "skipped": false
            }
          ],
          "suites": [],
          "passes": [
            "b83cc01e-fd04-46eb-9b8f-e2909386d9bd",
            "ab515767-7433-4531-a6f8-5c29dae5b69f",
            "28c80e98-4e1c-429c-a23b-45b4259b759b",
            "ea9e1e7b-c345-4001-a2eb-1280daa57fe2"
          ],
          "failures": [],
          "pending": [],
          "skipped": [],
          "duration": 2,
          "root": false,
          "rootEmpty": false,
          "_timeout": 2000
        },
        {
          "uuid": "59a73459-519e-45d9-9779-d933ce70827e",
          "title": "one (basic)",
          "fullFile": "/home/corey/fetch-swarm/test/test.js",
          "file": "/test/test.js",
          "beforeHooks": [],
          "afterHooks": [],
          "tests": [
            {
              "title": "should execute one fetch",
              "fullTitle": "one (basic) should execute one fetch",
              "timedOut": false,
              "duration": 504,
              "state": "passed",
              "speed": "fast",
              "pass": true,
              "fail": false,
              "pending": false,
              "context": null,
              "code": "const conn = await Connection.create()\nthis.test.response_timer.add(await conn.one('req:200/moop1/500'))\nthis.test.response_timer.validate('res:200/moop1/500')",
              "err": {},
              "uuid": "9c00fea5-7eb6-4f00-ad1a-e2e0d7ea7aed",
              "parentUUID": "59a73459-519e-45d9-9779-d933ce70827e",
              "isHook": false,
              "skipped": false
            },
            {
              "title": "should execute two fetches serially",
              "fullTitle": "one (basic) should execute two fetches serially",
              "timedOut": false,
              "duration": 1004,
              "state": "passed",
              "speed": "fast",
              "pass": true,
              "fail": false,
              "pending": false,
              "context": null,
              "code": "const conn = await Connection.create()\nthis.test.response_timer.add(await conn.one('req:200/moop1/600'))\nthis.test.response_timer.add(await conn.one('req:200/moop2/400'))\nthis.test.response_timer.validate([\n  'res:200/moop1/600',\n  'res:200/moop2/1000'\n])",
              "err": {},
              "uuid": "d3f88156-915a-4f6a-b1ae-18cd6e76d865",
              "parentUUID": "59a73459-519e-45d9-9779-d933ce70827e",
              "isHook": false,
              "skipped": false
            },
            {
              "title": "should execute five fetches serially",
              "fullTitle": "one (basic) should execute five fetches serially",
              "timedOut": false,
              "duration": 1503,
              "state": "passed",
              "speed": "fast",
              "pass": true,
              "fail": false,
              "pending": false,
              "context": null,
              "code": "const conn = await Connection.create()\nthis.test.response_timer.add(await conn.one('req:200/moop1/300'))\nthis.test.response_timer.add(await conn.one('req:200/moop2/300'))\nthis.test.response_timer.add(await conn.one('req:200/moop3/300'))\nthis.test.response_timer.add(await conn.one('req:200/moop4/200'))\nthis.test.response_timer.add(await conn.one('req:200/moop5/400'))\nthis.test.response_timer.validate([\n  'res:200/moop1/300',\n  'res:200/moop2/600',\n  'res:200/moop3/900',\n  'res:200/moop4/1100',\n  'res:200/moop5/1500'\n])",
              "err": {},
              "uuid": "48290dd2-83cb-448c-afe4-e3f63d2bc93d",
              "parentUUID": "59a73459-519e-45d9-9779-d933ce70827e",
              "isHook": false,
              "skipped": false
            },
            {
              "title": "should handle a network error",
              "fullTitle": "one (basic) should handle a network error",
              "timedOut": false,
              "duration": 301,
              "state": "passed",
              "speed": "fast",
              "pass": true,
              "fail": false,
              "pending": false,
              "context": null,
              "code": "const conn = await Connection.create()\ntry {\n  await conn.one('req:999/moop1/300')\n  expect.fail()\n} catch (err) {\n  expect(err).to.be.an('error').with.property('message', 'moop1')\n}",
              "err": {},
              "uuid": "2a389519-25f9-43cc-90d9-812dc7275aa9",
              "parentUUID": "59a73459-519e-45d9-9779-d933ce70827e",
              "isHook": false,
              "skipped": false
            }
          ],
          "suites": [],
          "passes": [
            "9c00fea5-7eb6-4f00-ad1a-e2e0d7ea7aed",
            "d3f88156-915a-4f6a-b1ae-18cd6e76d865",
            "48290dd2-83cb-448c-afe4-e3f63d2bc93d",
            "2a389519-25f9-43cc-90d9-812dc7275aa9"
          ],
          "failures": [],
          "pending": [],
          "skipped": [],
          "duration": 3312,
          "root": false,
          "rootEmpty": false,
          "_timeout": 10000
        },
        {
          "uuid": "a307a23c-3a13-43ba-802e-5535d6edee25",
          "title": "swarm (basic)",
          "fullFile": "/home/corey/fetch-swarm/test/test.js",
          "file": "/test/test.js",
          "beforeHooks": [],
          "afterHooks": [],
          "tests": [
            {
              "title": "should execute a swarm of zero",
              "fullTitle": "swarm (basic) should execute a swarm of zero",
              "timedOut": false,
              "duration": 0,
              "state": "passed",
              "speed": "fast",
              "pass": true,
              "fail": false,
              "pending": false,
              "context": null,
              "code": "const conn = await Connection.create()\nfor await (const response of conn.swarm([])) {\n  expect.fail(response)\n}",
              "err": {},
              "uuid": "66ebe8f0-4a56-4f60-b623-756003368ab1",
              "parentUUID": "a307a23c-3a13-43ba-802e-5535d6edee25",
              "isHook": false,
              "skipped": false
            },
            {
              "title": "should execute a swarm of one",
              "fullTitle": "swarm (basic) should execute a swarm of one",
              "timedOut": false,
              "duration": 302,
              "state": "passed",
              "speed": "fast",
              "pass": true,
              "fail": false,
              "pending": false,
              "context": null,
              "code": "const conn = await Connection.create()\nfor await (const response of conn.swarm(['req:200/moop1/300'])) {\n  this.test.response_timer.add(response)\n}\nthis.test.response_timer.validate(['res:200/moop1/300'])",
              "err": {},
              "uuid": "80b54b59-5c5c-4fc7-a230-01a6807f3f41",
              "parentUUID": "a307a23c-3a13-43ba-802e-5535d6edee25",
              "isHook": false,
              "skipped": false
            },
            {
              "title": "should execute a swarm of two concurrently",
              "fullTitle": "swarm (basic) should execute a swarm of two concurrently",
              "timedOut": false,
              "duration": 402,
              "state": "passed",
              "speed": "fast",
              "pass": true,
              "fail": false,
              "pending": false,
              "context": null,
              "code": "const conn = await Connection.create()\nfor await (const response of conn.swarm(['req:200/moop1/300', 'req:200/moop2/400'])) {\n  this.test.response_timer.add(response)\n}\nthis.test.response_timer.validate(['res:200/moop1/300', 'res:200/moop2/400'])",
              "err": {},
              "uuid": "d720f500-29cc-428c-ad16-d5b512e63073",
              "parentUUID": "a307a23c-3a13-43ba-802e-5535d6edee25",
              "isHook": false,
              "skipped": false
            },
            {
              "title": "should execute a swarm of five semi-concurrently",
              "fullTitle": "swarm (basic) should execute a swarm of five semi-concurrently",
              "timedOut": false,
              "duration": 1103,
              "state": "passed",
              "speed": "fast",
              "pass": true,
              "fail": false,
              "pending": false,
              "context": null,
              "code": "const conn = await Connection.create()\nfor await (const response of conn.swarm(['req:200/moop1/700', 'req:200/moop2/300', 'req:200/moop3/300', 'req:200/moop4/500', 'req:200/moop5/200'])) {\n  this.test.response_timer.add(response)\n}\nthis.test.response_timer.validate(['res:200/moop1/700', 'res:200/moop2/300', 'res:200/moop3/600', 'res:200/moop4/1100', 'res:200/moop5/900'])",
              "err": {},
              "uuid": "71c04eb2-f127-4965-acc0-784ff7faab2b",
              "parentUUID": "a307a23c-3a13-43ba-802e-5535d6edee25",
              "isHook": false,
              "skipped": false
            }
          ],
          "suites": [],
          "passes": [
            "66ebe8f0-4a56-4f60-b623-756003368ab1",
            "80b54b59-5c5c-4fc7-a230-01a6807f3f41",
            "d720f500-29cc-428c-ad16-d5b512e63073",
            "71c04eb2-f127-4965-acc0-784ff7faab2b"
          ],
          "failures": [],
          "pending": [],
          "skipped": [],
          "duration": 1807,
          "root": false,
          "rootEmpty": false,
          "_timeout": 10000
        }
      ],
      "passes": [],
      "failures": [],
      "pending": [],
      "skipped": [],
      "duration": 0,
      "root": true,
      "rootEmpty": true,
      "_timeout": 2000
    }
  ],
  "meta": {
    "mocha": {
      "version": "10.4.0"
    },
    "mochawesome": {
      "options": {
        "quiet": false,
        "reportFilename": "mochawesome",
        "saveHtml": true,
        "saveJson": true,
        "consoleReporter": "spec",
        "useInlineDiffs": false,
        "code": true
      },
      "version": "7.1.3"
    },
    "marge": {
      "options": {
        "reportDir": "build/tests"
      },
      "version": "6.2.0"
    }
  }
}