{
  "stats": {
    "suites": 3,
    "tests": 12,
    "passes": 12,
    "pending": 0,
    "failures": 0,
    "start": "2024-05-13T16:27:23.347Z",
    "end": "2024-05-13T16:27:28.492Z",
    "duration": 5145,
    "testsRegistered": 12,
    "passPercent": 100,
    "pendingPercent": 0,
    "other": 0,
    "hasOther": false,
    "skipped": 0,
    "hasSkipped": false
  },
  "results": [
    {
      "uuid": "03175ffa-33e2-481b-a38a-831ddb5844a8",
      "title": "",
      "fullFile": "",
      "file": "",
      "beforeHooks": [
        {
          "title": "\"before each\" hook in \"{root}\"",
          "fullTitle": "\"before each\" hook in \"{root}\"",
          "timedOut": false,
          "duration": 0,
          "state": null,
          "speed": null,
          "pass": false,
          "fail": false,
          "pending": false,
          "context": null,
          "code": "this.currentTest.response_timer = new Timer()",
          "err": {},
          "uuid": "a58a1a46-d8ba-4b4f-8210-a9142bfa2c4d",
          "parentUUID": "03175ffa-33e2-481b-a38a-831ddb5844a8",
          "isHook": true,
          "skipped": false
        }
      ],
      "afterHooks": [],
      "tests": [],
      "suites": [
        {
          "uuid": "eca341fe-f232-4743-886b-9e73d020a0eb",
          "title": "connection",
          "fullFile": "/home/corey/fetch-swarm/test/test.js",
          "file": "/test/test.js",
          "beforeHooks": [],
          "afterHooks": [],
          "tests": [
            {
              "title": "should create a connection with default values",
              "fullTitle": "connection should create a connection with default values",
              "timedOut": false,
              "duration": 1,
              "state": "passed",
              "speed": "fast",
              "pass": true,
              "fail": false,
              "pending": false,
              "context": null,
              "code": "const conn = await Connection.create()\nexpect(conn.concurrency).to.equal(2)\nexpect(conn.minMsBetweenRequests).to.equal(150)\nexpect(conn.timeoutMs).to.equal(0)\nexpect(conn.retry).to.equal(0)",
              "err": {},
              "uuid": "d496d11a-5472-4af7-9cda-0c688db39bed",
              "parentUUID": "eca341fe-f232-4743-886b-9e73d020a0eb",
              "isHook": false,
              "skipped": false
            },
            {
              "title": "should create a connection with given parameters",
              "fullTitle": "connection should create a connection with given parameters",
              "timedOut": false,
              "duration": 0,
              "state": "passed",
              "speed": "fast",
              "pass": true,
              "fail": false,
              "pending": false,
              "context": null,
              "code": "const conn = await Connection.create({\n  concurrency: 3,\n  minMsBetweenRequests: 100,\n  timeoutMs: 5000,\n  retry: 2\n})\nexpect(conn.concurrency).to.equal(3)\nexpect(conn.minMsBetweenRequests).to.equal(100)\nexpect(conn.timeoutMs).to.equal(5000)\nexpect(conn.retry).to.equal(2)",
              "err": {},
              "uuid": "a5021f3e-488b-4c6d-bb4d-e3d7bf4de883",
              "parentUUID": "eca341fe-f232-4743-886b-9e73d020a0eb",
              "isHook": false,
              "skipped": false
            },
            {
              "title": "should not be possible to instantiate via new",
              "fullTitle": "connection should not be possible to instantiate via new",
              "timedOut": false,
              "duration": 2,
              "state": "passed",
              "speed": "fast",
              "pass": true,
              "fail": false,
              "pending": false,
              "context": null,
              "code": "try {\n  const conn = new Connection()\n  expect.fail(conn)\n} catch (err) {\n  expect(err).to.be.a('error').with.property('message', 'The constructor is not intended to be used; use Connection.create instead')\n}",
              "err": {},
              "uuid": "7d532dbe-0176-48d9-bc12-e4811c1f8506",
              "parentUUID": "eca341fe-f232-4743-886b-9e73d020a0eb",
              "isHook": false,
              "skipped": false
            },
            {
              "title": "should not be possible change parameters after creation",
              "fullTitle": "connection should not be possible change parameters after creation",
              "timedOut": false,
              "duration": 0,
              "state": "passed",
              "speed": "fast",
              "pass": true,
              "fail": false,
              "pending": false,
              "context": null,
              "code": "const conn = await Connection.create()\ntry {\n  conn.concurrency = 2\n  expect.fail()\n} catch (err) {}\ntry {\n  conn.minMsBetweenRequests = 2\n  expect.fail()\n} catch (err) {}\ntry {\n  conn.timeoutMs = 2\n  expect.fail()\n} catch (err) {}\ntry {\n  conn.retry = 2\n  expect.fail()\n} catch (err) {}",
              "err": {},
              "uuid": "9d58f003-a26f-46f3-93b2-e36882bb0249",
              "parentUUID": "eca341fe-f232-4743-886b-9e73d020a0eb",
              "isHook": false,
              "skipped": false
            }
          ],
          "suites": [],
          "passes": [
            "d496d11a-5472-4af7-9cda-0c688db39bed",
            "a5021f3e-488b-4c6d-bb4d-e3d7bf4de883",
            "7d532dbe-0176-48d9-bc12-e4811c1f8506",
            "9d58f003-a26f-46f3-93b2-e36882bb0249"
          ],
          "failures": [],
          "pending": [],
          "skipped": [],
          "duration": 3,
          "root": false,
          "rootEmpty": false,
          "_timeout": 2000
        },
        {
          "uuid": "89e99bf2-aabb-4d7f-b616-6b873146dacd",
          "title": "one (basic)",
          "fullFile": "/home/corey/fetch-swarm/test/test.js",
          "file": "/test/test.js",
          "beforeHooks": [],
          "afterHooks": [],
          "tests": [
            {
              "title": "should execute one fetch",
              "fullTitle": "one (basic) should execute one fetch",
              "timedOut": false,
              "duration": 503,
              "state": "passed",
              "speed": "fast",
              "pass": true,
              "fail": false,
              "pending": false,
              "context": null,
              "code": "const conn = await Connection.create()\nthis.test.response_timer.add(await conn.one('req:200/moop1/500'))\nthis.test.response_timer.validate('res:200/moop1/500')",
              "err": {},
              "uuid": "2d432478-2ab2-40ca-8f31-f2492d2e2989",
              "parentUUID": "89e99bf2-aabb-4d7f-b616-6b873146dacd",
              "isHook": false,
              "skipped": false
            },
            {
              "title": "should execute two fetches serially",
              "fullTitle": "one (basic) should execute two fetches serially",
              "timedOut": false,
              "duration": 1005,
              "state": "passed",
              "speed": "fast",
              "pass": true,
              "fail": false,
              "pending": false,
              "context": null,
              "code": "const conn = await Connection.create()\nthis.test.response_timer.add(await conn.one('req:200/moop1/600'))\nthis.test.response_timer.add(await conn.one('req:200/moop2/400'))\nthis.test.response_timer.validate([\n  'res:200/moop1/600',\n  'res:200/moop2/1000'\n])",
              "err": {},
              "uuid": "a3339242-20a8-4843-9798-87883817d499",
              "parentUUID": "89e99bf2-aabb-4d7f-b616-6b873146dacd",
              "isHook": false,
              "skipped": false
            },
            {
              "title": "should execute five fetches serially",
              "fullTitle": "one (basic) should execute five fetches serially",
              "timedOut": false,
              "duration": 1505,
              "state": "passed",
              "speed": "fast",
              "pass": true,
              "fail": false,
              "pending": false,
              "context": null,
              "code": "const conn = await Connection.create()\nthis.test.response_timer.add(await conn.one('req:200/moop1/300'))\nthis.test.response_timer.add(await conn.one('req:200/moop2/300'))\nthis.test.response_timer.add(await conn.one('req:200/moop3/300'))\nthis.test.response_timer.add(await conn.one('req:200/moop4/200'))\nthis.test.response_timer.add(await conn.one('req:200/moop5/400'))\nthis.test.response_timer.validate([\n  'res:200/moop1/300',\n  'res:200/moop2/600',\n  'res:200/moop3/900',\n  'res:200/moop4/1100',\n  'res:200/moop5/1500'\n])",
              "err": {},
              "uuid": "2ca83be9-3f1e-4dd2-a5c2-9f81005b0a90",
              "parentUUID": "89e99bf2-aabb-4d7f-b616-6b873146dacd",
              "isHook": false,
              "skipped": false
            },
            {
              "title": "should handle a network error",
              "fullTitle": "one (basic) should handle a network error",
              "timedOut": false,
              "duration": 302,
              "state": "passed",
              "speed": "fast",
              "pass": true,
              "fail": false,
              "pending": false,
              "context": null,
              "code": "const conn = await Connection.create()\ntry {\n  await conn.one('req:999/moop1/300')\n  expect.fail()\n} catch (err) {\n  expect(err).to.be.an('error').with.property('message', 'moop1')\n}",
              "err": {},
              "uuid": "dcae062c-be9c-4a1d-8d45-f44ecb6e1fb7",
              "parentUUID": "89e99bf2-aabb-4d7f-b616-6b873146dacd",
              "isHook": false,
              "skipped": false
            }
          ],
          "suites": [],
          "passes": [
            "2d432478-2ab2-40ca-8f31-f2492d2e2989",
            "a3339242-20a8-4843-9798-87883817d499",
            "2ca83be9-3f1e-4dd2-a5c2-9f81005b0a90",
            "dcae062c-be9c-4a1d-8d45-f44ecb6e1fb7"
          ],
          "failures": [],
          "pending": [],
          "skipped": [],
          "duration": 3315,
          "root": false,
          "rootEmpty": false,
          "_timeout": 10000
        },
        {
          "uuid": "d7cfe8c7-d507-4a74-bba9-26c497570f35",
          "title": "swarm (basic)",
          "fullFile": "/home/corey/fetch-swarm/test/test.js",
          "file": "/test/test.js",
          "beforeHooks": [],
          "afterHooks": [],
          "tests": [
            {
              "title": "should execute a swarm of zero",
              "fullTitle": "swarm (basic) should execute a swarm of zero",
              "timedOut": false,
              "duration": 1,
              "state": "passed",
              "speed": "fast",
              "pass": true,
              "fail": false,
              "pending": false,
              "context": null,
              "code": "const conn = await Connection.create()\nfor await (const response of conn.swarm([])) {\n  expect.fail(response)\n}",
              "err": {},
              "uuid": "193abd54-5405-44d8-909d-188cc926c769",
              "parentUUID": "d7cfe8c7-d507-4a74-bba9-26c497570f35",
              "isHook": false,
              "skipped": false
            },
            {
              "title": "should execute a swarm of one",
              "fullTitle": "swarm (basic) should execute a swarm of one",
              "timedOut": false,
              "duration": 302,
              "state": "passed",
              "speed": "fast",
              "pass": true,
              "fail": false,
              "pending": false,
              "context": null,
              "code": "const conn = await Connection.create()\nfor await (const response of conn.swarm(['req:200/moop1/300'])) {\n  this.test.response_timer.add(response)\n}\nthis.test.response_timer.validate(['res:200/moop1/300'])",
              "err": {},
              "uuid": "ce94ddb0-f396-402e-8dcc-58b8750ad51e",
              "parentUUID": "d7cfe8c7-d507-4a74-bba9-26c497570f35",
              "isHook": false,
              "skipped": false
            },
            {
              "title": "should execute a swarm of two concurrently",
              "fullTitle": "swarm (basic) should execute a swarm of two concurrently",
              "timedOut": false,
              "duration": 402,
              "state": "passed",
              "speed": "fast",
              "pass": true,
              "fail": false,
              "pending": false,
              "context": null,
              "code": "const conn = await Connection.create()\nfor await (const response of conn.swarm(['req:200/moop1/300', 'req:200/moop2/400'])) {\n  this.test.response_timer.add(response)\n}\nthis.test.response_timer.validate(['res:200/moop1/300', 'res:200/moop2/400'])",
              "err": {},
              "uuid": "474e3420-44ed-4bba-8a23-facfaa0b3188",
              "parentUUID": "d7cfe8c7-d507-4a74-bba9-26c497570f35",
              "isHook": false,
              "skipped": false
            },
            {
              "title": "should execute a swarm of five semi-concurrently",
              "fullTitle": "swarm (basic) should execute a swarm of five semi-concurrently",
              "timedOut": false,
              "duration": 1103,
              "state": "passed",
              "speed": "fast",
              "pass": true,
              "fail": false,
              "pending": false,
              "context": null,
              "code": "const conn = await Connection.create()\nfor await (const response of conn.swarm(['req:200/moop1/700', 'req:200/moop2/300', 'req:200/moop3/300', 'req:200/moop4/500', 'req:200/moop5/200'])) {\n  this.test.response_timer.add(response)\n}\nthis.test.response_timer.validate(['res:200/moop1/700', 'res:200/moop2/300', 'res:200/moop3/600', 'res:200/moop4/1100', 'res:200/moop5/900'])",
              "err": {},
              "uuid": "1a52dccc-cc76-4ee9-bcae-029c060cf5e7",
              "parentUUID": "d7cfe8c7-d507-4a74-bba9-26c497570f35",
              "isHook": false,
              "skipped": false
            }
          ],
          "suites": [],
          "passes": [
            "193abd54-5405-44d8-909d-188cc926c769",
            "ce94ddb0-f396-402e-8dcc-58b8750ad51e",
            "474e3420-44ed-4bba-8a23-facfaa0b3188",
            "1a52dccc-cc76-4ee9-bcae-029c060cf5e7"
          ],
          "failures": [],
          "pending": [],
          "skipped": [],
          "duration": 1808,
          "root": false,
          "rootEmpty": false,
          "_timeout": 10000
        }
      ],
      "passes": [],
      "failures": [],
      "pending": [],
      "skipped": [],
      "duration": 0,
      "root": true,
      "rootEmpty": true,
      "_timeout": 2000
    }
  ],
  "meta": {
    "mocha": {
      "version": "10.4.0"
    },
    "mochawesome": {
      "options": {
        "quiet": false,
        "reportFilename": "mochawesome",
        "saveHtml": true,
        "saveJson": true,
        "consoleReporter": "spec",
        "useInlineDiffs": false,
        "code": true
      },
      "version": "7.1.3"
    },
    "marge": {
      "options": {
        "reportDir": "build/tests"
      },
      "version": "6.2.0"
    }
  }
}