{"total": {"lines":{"total":160,"covered":159,"skipped":0,"pct":99.37},"statements":{"total":160,"covered":159,"skipped":0,"pct":99.37},"functions":{"total":12,"covered":11,"skipped":0,"pct":91.66},"branches":{"total":37,"covered":37,"skipped":0,"pct":100},"branchesTrue":{"total":0,"covered":0,"skipped":0,"pct":"Unknown"}}
,"/home/corey/fetch-swarm/index.js": {"lines":{"total":160,"covered":159,"skipped":0,"pct":99.37},"functions":{"total":12,"covered":11,"skipped":0,"pct":91.66},"statements":{"total":160,"covered":159,"skipped":0,"pct":99.37},"branches":{"total":37,"covered":37,"skipped":0,"pct":100}}
}
